<?xml version="1.0" encoding="UTF-8"?>
<testng-results ignored="0" total="0" passed="0" failed="0" skipped="0">
  <reporter-output>
  </reporter-output>
  <suite started-at="2022-09-26T12:44:26 CEST" name="Default suite" finished-at="2022-09-26T12:44:26 CEST" duration-ms="538">
    <groups>
      <group name="cucumber">
        <method signature="AbstractTestNGCucumberTests.runScenario(io.cucumber.testng.PickleWrapper,io.cucumber.testng.FeatureWrapper)[pri:0, instance:runners.BuscarProductosMenorCienEuros@71329995]" name="runScenario" class="io.cucumber.testng.AbstractTestNGCucumberTests"/>
      </group> <!-- cucumber -->
    </groups>
    <test started-at="2022-09-26T12:44:26 CEST" name="Default test" finished-at="2022-09-26T12:44:26 CEST" duration-ms="538">
      <class name="runners.BuscarProductosMenorCienEuros">
        <test-method is-config="true" signature="setUpClass(org.testng.ITestContext)[pri:0, instance:runners.BuscarProductosMenorCienEuros@71329995]" started-at="2022-09-26T12:44:26 CEST" name="setUpClass" finished-at="2022-09-26T12:44:26 CEST" duration-ms="482" status="PASS">
          <params>
            <param index="0">
              <value>
                <![CDATA[org.testng.TestRunner@666b83a4]]>
              </value>
            </param>
          </params>
          <reporter-output>
          </reporter-output>
        </test-method> <!-- setUpClass -->
        <test-method is-config="true" signature="tearDownClass()[pri:0, instance:runners.BuscarProductosMenorCienEuros@71329995]" started-at="2022-09-26T12:44:26 CEST" name="tearDownClass" finished-at="2022-09-26T12:44:26 CEST" duration-ms="3" status="PASS">
          <reporter-output>
          </reporter-output>
        </test-method> <!-- tearDownClass -->
      </class> <!-- runners.BuscarProductosMenorCienEuros -->
    </test> <!-- Default test -->
  </suite> <!-- Default suite -->
</testng-results>
